2025-11-16 07:41:00 | DEBUG | repo=richrates | action=test | passed=true
2025-01-05 13:46:00 | INFO | repo=richrates | action=test | passed=true
2025-05-23 08:59:00 | WARN | repo=richrates | action=commit
2025-04-03 09:10:00 | DEBUG | repo=richrates | action=commit
2025-02-10 15:24:00 | DEBUG | repo=richrates | action=commit
2025-12-19 15:38:00 | DEBUG | repo=richrates | action=pull
2025-12-13 16:21:00 | WARN | repo=richrates | action=commit
2025-01-15 19:59:00 | DEBUG | repo=richrates | action=commit
2025-09-12 16:25:00 | WARN | repo=richrates | action=commit
2025-09-20 21:44:00 | WARN | repo=richrates | action=commit
2025-05-12 18:55:00 | DEBUG | repo=richrates | action=commit
2025-08-08 21:21:00 | WARN | repo=richrates | action=pull
2025-06-24 20:52:00 | DEBUG | repo=richrates | action=commit
2025-07-07 20:14:00 | DEBUG | repo=richrates | action=commit
2025-05-18 13:43:00 | INFO | repo=richrates | action=commit
2025-06-15 11:50:00 | WARN | repo=richrates | action=commit
2025-11-01 13:39:00 | INFO | repo=richrates | action=test | passed=true
2025-06-27 21:07:00 | WARN | repo=richrates | action=commit
2025-04-19 07:47:00 | INFO | repo=richrates | action=edit | files=4
2025-11-13 17:44:00 | DEBUG | repo=richrates | action=test | passed=true
2025-05-12 16:18:00 | INFO | repo=richrates | action=commit
2025-11-25 14:27:00 | DEBUG | repo=richrates | action=commit
2025-06-26 11:31:00 | DEBUG | repo=richrates | action=commit
2025-07-22 20:36:00 | INFO | repo=richrates | action=test | passed=true
2025-06-28 17:01:00 | INFO | repo=richrates | action=commit
2025-11-26 15:03:00 | DEBUG | repo=richrates | action=commit
2025-02-04 08:00:00 | INFO | repo=richrates | action=commit
2025-01-12 18:03:00 | DEBUG | repo=richrates | action=commit
2025-06-20 14:24:00 | INFO | repo=richrates | action=commit
2025-02-07 15:48:00 | WARN | repo=richrates | action=commit
2025-05-02 18:46:00 | INFO | repo=richrates | action=commit
2025-10-12 17:33:00 | DEBUG | repo=richrates | action=commit
2025-07-13 08:44:00 | WARN | repo=richrates | action=pull
2025-06-27 11:37:00 | INFO | repo=richrates | action=commit
2025-09-23 19:55:00 | WARN | repo=richrates | action=commit
2025-04-03 21:38:00 | DEBUG | repo=richrates | action=commit
2025-01-03 17:12:00 | DEBUG | repo=richrates | action=commit
2025-07-11 08:46:00 | WARN | repo=richrates | action=commit
2025-02-11 14:01:00 | DEBUG | repo=richrates | action=commit
2025-01-17 17:03:00 | INFO | repo=richrates | action=commit
2025-02-21 16:23:00 | INFO | repo=richrates | action=edit | files=2
2025-03-24 13:42:00 | DEBUG | repo=richrates | action=commit
2025-11-13 21:13:00 | WARN | repo=richrates | action=commit
2025-04-08 11:58:00 | INFO | repo=richrates | action=commit
2025-04-11 16:18:00 | DEBUG | repo=richrates | action=commit
2025-08-15 20:21:00 | WARN | repo=richrates | action=edit | files=5
2025-02-19 07:14:00 | DEBUG | repo=richrates | action=commit
2025-03-28 09:53:00 | WARN | repo=richrates | action=commit
2025-11-20 20:55:00 | WARN | repo=richrates | action=commit
2025-08-13 20:53:00 | INFO | repo=richrates | action=edit | files=4
2025-04-21 09:03:00 | DEBUG | repo=richrates | action=test | passed=true
2025-02-05 07:16:00 | WARN | repo=richrates | action=commit
2025-11-27 12:37:00 | INFO | repo=richrates | action=commit
2025-05-05 19:47:00 | DEBUG | repo=richrates | action=test | passed=true
2025-06-14 08:39:00 | WARN | repo=richrates | action=edit | files=5
2025-05-04 17:07:00 | DEBUG | repo=richrates | action=edit | files=4
2025-09-24 14:52:00 | INFO | repo=richrates | action=commit
2025-10-11 18:10:00 | INFO | repo=richrates | action=edit | files=1
2025-07-13 18:37:00 | DEBUG | repo=richrates | action=commit
2025-12-11 21:42:00 | WARN | repo=richrates | action=commit
2025-08-06 11:40:00 | DEBUG | repo=richrates | action=commit
2025-05-20 12:58:00 | WARN | repo=richrates | action=edit | files=5
2025-03-22 07:31:00 | INFO | repo=richrates | action=test | passed=true
2025-08-21 12:09:00 | INFO | repo=richrates | action=commit
2025-04-04 18:40:00 | DEBUG | repo=richrates | action=commit
2025-11-27 19:00:00 | DEBUG | repo=richrates | action=test | passed=true
2025-04-19 20:38:00 | WARN | repo=richrates | action=pull
2025-12-19 07:02:00 | WARN | repo=richrates | action=commit
2025-03-24 07:51:00 | INFO | repo=richrates | action=edit | files=4
2025-11-05 14:03:00 | DEBUG | repo=richrates | action=commit
2025-07-21 14:12:00 | INFO | repo=richrates | action=commit
2025-09-09 13:36:00 | DEBUG | repo=richrates | action=commit
2025-09-16 21:06:00 | WARN | repo=richrates | action=test | passed=true
2025-08-17 17:30:00 | DEBUG | repo=richrates | action=commit
2025-08-07 08:27:00 | WARN | repo=richrates | action=test | passed=true
2025-02-21 20:36:00 | INFO | repo=richrates | action=commit
2025-06-01 19:05:00 | DEBUG | repo=richrates | action=commit
2025-07-08 07:30:00 | DEBUG | repo=richrates | action=test | passed=true
2025-12-07 18:14:00 | DEBUG | repo=richrates | action=test | passed=true
2025-12-03 19:36:00 | WARN | repo=richrates | action=commit
2025-07-18 17:16:00 | DEBUG | repo=richrates | action=commit
2025-02-28 20:55:00 | WARN | repo=richrates | action=pull
2025-10-05 19:00:00 | INFO | repo=richrates | action=commit
2025-07-05 13:57:00 | WARN | repo=richrates | action=edit | files=3
2025-02-14 14:55:00 | WARN | repo=richrates | action=commit
2025-01-03 11:09:00 | DEBUG | repo=richrates | action=commit
2025-05-27 19:32:00 | INFO | repo=richrates | action=commit
2025-01-19 17:02:00 | INFO | repo=richrates | action=commit
2025-11-20 12:35:00 | DEBUG | repo=richrates | action=edit | files=1
2025-11-28 14:35:00 | INFO | repo=richrates | action=commit
2025-04-20 08:50:00 | WARN | repo=richrates | action=commit
2025-05-08 09:29:00 | DEBUG | repo=richrates | action=commit
2025-11-03 10:31:00 | WARN | repo=richrates | action=edit | files=4
2025-03-19 07:49:00 | WARN | repo=richrates | action=commit
2025-02-27 21:07:00 | DEBUG | repo=richrates | action=test | passed=true
2025-02-12 21:37:00 | INFO | repo=richrates | action=pull
2025-01-17 21:31:00 | DEBUG | repo=richrates | action=commit
2025-10-26 12:13:00 | INFO | repo=richrates | action=commit
2025-06-16 08:44:00 | DEBUG | repo=richrates | action=commit
2025-10-18 18:30:00 | INFO | repo=richrates | action=commit
2025-07-22 11:59:00 | WARN | repo=richrates | action=pull
2025-12-06 09:59:00 | WARN | repo=richrates | action=test | passed=true
2025-08-13 14:33:00 | WARN | repo=richrates | action=commit
2025-11-11 10:29:00 | INFO | repo=richrates | action=test | passed=true
2025-01-27 20:42:00 | INFO | repo=richrates | action=edit | files=5
2025-03-25 19:53:00 | WARN | repo=richrates | action=edit | files=5
2025-02-19 14:36:00 | INFO | repo=richrates | action=pull
2025-05-10 09:04:00 | INFO | repo=richrates | action=commit
2025-09-20 19:57:00 | DEBUG | repo=richrates | action=commit
2025-05-20 21:58:00 | WARN | repo=richrates | action=pull
2025-03-24 10:49:00 | INFO | repo=richrates | action=commit
